This is XeTeXk, Version 3.1415926-2.2-0.999.6 (Web2C 7.5.7) (format=xelatex 2009.3.4)  15 SEP 2009 15:31
entering extended mode
 %&-line parsing enabled.
**proj
(./proj.tex
LaTeX2e <2005/12/01>
Babel <v3.8l> and hyphenation patterns for english, usenglishmax, dumylang, noh
yphenation, german-x-2008-06-18, ngerman-x-2008-06-18, ancientgreek, ibycus, ar
abic, basque, bulgarian, catalan, pinyin, coptic, croatian, czech, danish, dutc
h, esperanto, estonian, farsi, finnish, french, galician, german, ngerman, mono
greek, greek, hungarian, icelandic, indonesian, interlingua, irish, italian, la
tin, lithuanian, mongolian, mongolian2a, bokmal, nynorsk, polish, portuguese, r
omanian, russian, sanskrit, serbian, slovak, slovenian, spanish, swedish, turki
sh, ukenglish, ukrainian, uppersorbian, welsh, loaded.
(/usr/local/texlive/2008/texmf-dist/tex/latex/amscls/amsart.cls
Document Class: amsart 2004/08/06 v2.20
\linespacing=\dimen102
\normalparindent=\dimen103
\normaltopskip=\skip41
(/usr/local/texlive/2008/texmf-dist/tex/latex/amsmath/amsmath.sty
Package: amsmath 2000/07/18 v2.13 AMS math features
\@mathmargin=\skip42

For additional information on amsmath, use the `?' option.
(/usr/local/texlive/2008/texmf-dist/tex/latex/amsmath/amstext.sty
Package: amstext 2000/06/29 v2.01

(/usr/local/texlive/2008/texmf-dist/tex/latex/amsmath/amsgen.sty
File: amsgen.sty 1999/11/30 v2.0
\@emptytoks=\toks14
\ex@=\dimen104
))
(/usr/local/texlive/2008/texmf-dist/tex/latex/amsmath/amsbsy.sty
Package: amsbsy 1999/11/29 v1.2d
\pmbraise@=\dimen105
)
(/usr/local/texlive/2008/texmf-dist/tex/latex/amsmath/amsopn.sty
Package: amsopn 1999/12/14 v2.01 operator names
)
\inf@bad=\count79
LaTeX Info: Redefining \frac on input line 211.
\uproot@=\count80
\leftroot@=\count81
LaTeX Info: Redefining \overline on input line 307.
\classnum@=\count82
\DOTSCASE@=\count83
LaTeX Info: Redefining \ldots on input line 379.
LaTeX Info: Redefining \dots on input line 382.
LaTeX Info: Redefining \cdots on input line 467.
\Mathstrutbox@=\box26
\strutbox@=\box27
\big@size=\dimen106
LaTeX Font Info:    Redeclaring font encoding OML on input line 567.
LaTeX Font Info:    Redeclaring font encoding OMS on input line 568.
\macc@depth=\count84
\c@MaxMatrixCols=\count85
\dotsspace@=\muskip10
\c@parentequation=\count86
\dspbrk@lvl=\count87
\tag@help=\toks15
\row@=\count88
\column@=\count89
\maxfields@=\count90
\andhelp@=\toks16
\eqnshift@=\dimen107
\alignsep@=\dimen108
\tagshift@=\dimen109
\tagwidth@=\dimen110
\totwidth@=\dimen111
\lineht@=\dimen112
\@envbody=\toks17
\multlinegap=\skip43
\multlinetaggap=\skip44
\mathdisplay@stack=\toks18
LaTeX Info: Redefining \[ on input line 2666.
LaTeX Info: Redefining \] on input line 2667.
)
LaTeX Font Info:    Try loading font information for U+msa on input line 407.

(/usr/local/texlive/2008/texmf-dist/tex/latex/amsfonts/umsa.fd
File: umsa.fd 2002/01/19 v2.2g AMS font definitions
)
(/usr/local/texlive/2008/texmf-dist/tex/latex/amsfonts/amsfonts.sty
Package: amsfonts 2001/10/25 v2.2f
\symAMSa=\mathgroup4
\symAMSb=\mathgroup5
LaTeX Font Info:    Overwriting math alphabet `\mathfrak' in version `bold'
(Font)                  U/euf/m/n --> U/euf/b/n on input line 132.
)
\copyins=\insert233
\abstractbox=\box28
\listisep=\skip45
\c@part=\count91
\c@section=\count92
\c@subsection=\count93
\c@subsubsection=\count94
\c@paragraph=\count95
\c@subparagraph=\count96
\c@figure=\count97
\c@table=\count98
\abovecaptionskip=\skip46
\belowcaptionskip=\skip47
\captionindent=\dimen113
\thm@style=\toks19
\thm@bodyfont=\toks20
\thm@headfont=\toks21
\thm@notefont=\toks22
\thm@headpunct=\toks23
\thm@preskip=\skip48
\thm@postskip=\skip49
\thm@headsep=\skip50
\dth@everypar=\toks24
)
(/usr/local/texlive/2008/texmf-dist/tex/latex/tools/verbatim.sty
Package: verbatim 2003/08/22 v1.5q LaTeX2e package for verbatim enhancements
\every@verbatim=\toks25
\verbatim@line=\toks26
\verbatim@in@stream=\read1
)
(/usr/local/texlive/2008/texmf-dist/tex/latex/graphics/graphicx.sty
Package: graphicx 1999/02/16 v1.0f Enhanced LaTeX Graphics (DPC,SPQR)

(/usr/local/texlive/2008/texmf-dist/tex/latex/graphics/keyval.sty
Package: keyval 1999/03/16 v1.13 key=value parser (DPC)
\KV@toks@=\toks27
)
(/usr/local/texlive/2008/texmf-dist/tex/latex/graphics/graphics.sty
Package: graphics 2006/02/20 v1.0o Standard LaTeX Graphics (DPC,SPQR)

(/usr/local/texlive/2008/texmf-dist/tex/latex/graphics/trig.sty
Package: trig 1999/03/16 v1.09 sin cos tan (DPC)
)
(/usr/local/texlive/2008/texmf/tex/latex/config/graphics.cfg
File: graphics.cfg 2007/01/18 v1.5 graphics configuration of teTeX/TeXLive
)
Package graphics Info: Driver file: xetex.def on input line 90.

(/usr/local/texlive/2008/texmf-dist/tex/xelatex/xetex-def/xetex.def
File: xetex.def 2006/08/10 v0.92 LaTeX color/graphics driver for XeTeX (RRM, mo
d. JK)
))
\Gin@req@height=\dimen114
\Gin@req@width=\dimen115
)
(/usr/local/texlive/2008/texmf-dist/tex/latex/ltxmisc/url.sty
\Urlmuskip=\muskip11
Package: url 2006/04/12  ver 3.3  Verb mode for urls, etc.
)
(/usr/local/texlive/2008/texmf-dist/tex/latex/pdfsync/pdfsync.sty
Package: pdfsync 2008/01/26 v1.1
) (./proj.aux)
\openout1 = `proj.aux'.

LaTeX Font Info:    Checking defaults for OML/cmm/m/it on input line 12.
LaTeX Font Info:    ... okay on input line 12.
LaTeX Font Info:    Checking defaults for T1/cmr/m/n on input line 12.
LaTeX Font Info:    ... okay on input line 12.
LaTeX Font Info:    Checking defaults for OT1/cmr/m/n on input line 12.
LaTeX Font Info:    ... okay on input line 12.
LaTeX Font Info:    Checking defaults for OMS/cmsy/m/n on input line 12.
LaTeX Font Info:    ... okay on input line 12.
LaTeX Font Info:    Checking defaults for OMX/cmex/m/n on input line 12.
LaTeX Font Info:    ... okay on input line 12.
LaTeX Font Info:    Checking defaults for U/cmr/m/n on input line 12.
LaTeX Font Info:    ... okay on input line 12.
LaTeX Font Info:    Try loading font information for U+msa on input line 12.
(/usr/local/texlive/2008/texmf-dist/tex/latex/amsfonts/umsa.fd
File: umsa.fd 2002/01/19 v2.2g AMS font definitions
)
LaTeX Font Info:    Try loading font information for U+msb on input line 12.

(/usr/local/texlive/2008/texmf-dist/tex/latex/amsfonts/umsb.fd
File: umsb.fd 2002/01/19 v2.2g AMS font definitions
)
Configuring pdfsync
\PDFSYNC@ut=\write3
\openout3 = `proj.pdfsync'.

\PDFSYNCf@li@=\count99
\PDFSYNC@rder=\count100
**** pdfsync.sty: Synchronizing at \everypar
\PDFSYNCeveryp@r=\toks28
**** pdfsync.sty: Synchronizing at \everymath
\PDFSYNCeverym@th=\toks29
**** pdfsync.sty: Synchronizing at \everyhbox
\PDFSYNCeveryhb@x=\toks30
**** pdfsync.sty: Synchronizing at \everyvbox
\PDFSYNCeveryvb@x=\toks31
**** pdfsync.sty: started


LaTeX Warning: File `mvc_rubsvid.jpg' not found on input line 24.

! Unable to load picture or PDF file 'mvc_rubsvid.jpg'.
<to be read again> 
                   }
l.24 ...ncludegraphics[scale=0.5]{mvc_rubsvid.jpg}
                                                  
? 
File: mvc_rubsvid.jpg Graphic file (type QTm)
<use  "mvc_rubsvid.jpg" >
! Unable to load picture or PDF file 'mvc_rubsvid.jpg'.
<to be read again> 
                   \GXT@clipend 
l.24 ...ncludegraphics[scale=0.5]{mvc_rubsvid.jpg}
                                                  
? 

Underfull \hbox (badness 10000) in paragraph at lines 25--27

 []

[1]
Underfull \hbox (badness 10000) in paragraph at lines 28--29

 []

[2] [3] [4] [5] [6]
Underfull \hbox (badness 10000) in paragraph at lines 142--144

 []

[7] [8] [9]
Underfull \hbox (badness 10000) in paragraph at lines 221--222

 []


Overfull \hbox (17.9967pt too wide) in paragraph at lines 223--223
[][][]    \OT1/cmtt/m/n/10 @@type_hash = { "categories" => ["current_agents_cat
egories_names"],[] 
 []


Overfull \hbox (17.9967pt too wide) in paragraph at lines 224--224
[][][]    \OT1/cmtt/m/n/10 "agents" => ["current_agents_names"], "level" => ["l
evels", "last"],[] 
 []


Overfull \hbox (7.4968pt too wide) in paragraph at lines 231--231
[][][]    \OT1/cmtt/m/n/10 @@operator_hash = { ">" => ">", "<" => "<" , "=" => 
"==", "has" =>[] 
 []

[10]
Underfull \hbox (badness 10000) in paragraph at lines 238--239

 []

[11]

! LaTeX Error: There's no line here to end.

See the LaTeX manual or LaTeX Companion for explanation.
Type  H <return>  for immediate help.
 ...                                              
                                                  
l.281 \texttt
             {Level(id: integer, potassium: float, creatinine: float, inr: f...

? 

Overfull \hbox (12.62505pt too wide) in paragraph at lines 281--282
[][] \OT1/cmr/m/n/10 8.4.1.\OT1/cmr/m/it/10 Table de-scrip-tion.[] \OT1/cmtt/m/
n/10 Level(id: integer, potassium: float, creatinine:
 []


Overfull \hbox (16.5267pt too wide) in paragraph at lines 281--282
\OT1/cmtt/m/n/10 float, inr: float, ppt: float, albumin: float, created[]at: da
tetime,
 []


Overfull \hbox (4.5568pt too wide) in paragraph at lines 281--282
\OT1/cmtt/m/n/10 updated[]at: datetime, patient[]id: integer, dbp: integer, col
lected:
 []

[12] [13] (./proj.bbl) [14] (./proj.aux) ) 
Here is how much of TeX's memory you used:
 1888 strings out of 494701
 22292 string characters out of 1164830
 79093 words of memory out of 3000000
 4943 multiletter control sequences out of 10000+50000
 10091 words of font info for 40 fonts, out of 3000000 for 5000
 830 hyphenation exceptions out of 8191
 34i,15n,35p,965b,407s stack positions out of 5000i,500n,10000p,200000b,50000s

Output written on proj.pdf (14 pages).
